<?xml version="1.0" encoding="UTF-8"?>
<testsuite xmlns:xsi="http://www.w3.org/2001/XMLSchema-instance" xsi:noNamespaceSchemaLocation="https://maven.apache.org/surefire/maven-surefire-plugin/xsd/surefire-test-report.xsd" name="com.sawan.KinesisLambdaTutorialMasterApplicationTests" time="0.405" tests="1" errors="1" skipped="0" failures="0">
  <properties>
[...]
</properties>
  <testcase name="com.sawan.KinesisLambdaTutorialMasterApplicationTests" classname="com.sawan.KinesisLambdaTutorialMasterApplicationTests" time="0.399">
    <error message="Unable to find a @SpringBootConfiguration, you need to use @ContextConfiguration or @SpringBootTest(classes=...) with your test" type="java.lang.IllegalStateException">java.lang.IllegalStateException: Unable to find a @SpringBootConfiguration, you need to use @ContextConfiguration or @SpringBootTest(classes=...) with your test
</error>
    <system-out><![CDATA[17:25:12.391 [main] DEBUG org.springframework.test.context.BootstrapUtils - Instantiating CacheAwareContextLoaderDelegate from class [org.springframework.test.context.cache.DefaultCacheAwareContextLoaderDelegate]
17:25:12.402 [main] DEBUG org.springframework.test.context.BootstrapUtils - Instantiating BootstrapContext using constructor [public org.springframework.test.context.support.DefaultBootstrapContext(java.lang.Class,org.springframework.test.context.CacheAwareContextLoaderDelegate)]
17:25:12.437 [main] DEBUG org.springframework.test.context.BootstrapUtils - Instantiating TestContextBootstrapper for test class [com.sawan.KinesisLambdaTutorialMasterApplicationTests] from class [org.springframework.boot.test.context.SpringBootTestContextBootstrapper]
17:25:12.450 [main] INFO org.springframework.boot.test.context.SpringBootTestContextBootstrapper - Neither @ContextConfiguration nor @ContextHierarchy found for test class [com.sawan.KinesisLambdaTutorialMasterApplicationTests], using SpringBootContextLoader
17:25:12.454 [main] DEBUG org.springframework.test.context.support.AbstractContextLoader - Did not detect default resource location for test class [com.sawan.KinesisLambdaTutorialMasterApplicationTests]: class path resource [com/sawan/KinesisLambdaTutorialMasterApplicationTests-context.xml] does not exist
17:25:12.455 [main] DEBUG org.springframework.test.context.support.AbstractContextLoader - Did not detect default resource location for test class [com.sawan.KinesisLambdaTutorialMasterApplicationTests]: class path resource [com/sawan/KinesisLambdaTutorialMasterApplicationTestsContext.groovy] does not exist
17:25:12.455 [main] INFO org.springframework.test.context.support.AbstractContextLoader - Could not detect default resource locations for test class [com.sawan.KinesisLambdaTutorialMasterApplicationTests]: no resource found for suffixes {-context.xml, Context.groovy}.
17:25:12.456 [main] INFO org.springframework.test.context.support.AnnotationConfigContextLoaderUtils - Could not detect default configuration classes for test class [com.sawan.KinesisLambdaTutorialMasterApplicationTests]: KinesisLambdaTutorialMasterApplicationTests does not declare any static, non-private, non-final, nested classes annotated with @Configuration.
17:25:12.503 [main] DEBUG org.springframework.test.context.support.ActiveProfilesUtils - Could not find an 'annotation declaring class' for annotation type [org.springframework.test.context.ActiveProfiles] and class [com.sawan.KinesisLambdaTutorialMasterApplicationTests]
]]></system-out>
  </testcase>
</testsuite>